<?xml version="1.0" encoding="UTF-8"?>
<!-- Generated by org.testng.reporters.JUnitReportReporter -->
<testsuite hostname="DeepikaHPLaptop" failures="0" tests="1" name="test.LoginTest" time="2.178" errors="0" timestamp="2022-07-15T23:35:42 EDT" skipped="0">
  <testcase classname="test.LoginTest" name="validUserShouldBeAbleToLogin" time="2.178"/>
  <system-out/>
</testsuite> <!-- test.LoginTest -->
