<?xml version="1.0" encoding="UTF-8"?>
<!-- Generated by org.testng.reporters.JUnitReportReporter -->
<testsuite hostname="DeepikaHPLaptop" failures="0" tests="1" name="test.AddCustomerTest" time="3.294" errors="0" timestamp="2022-07-16T12:08:51 EDT" skipped="0">
  <testcase classname="test.AddCustomerTest" name="userShouldBeAbleToCreateCustomer" time="3.294"/>
  <system-out/>
</testsuite> <!-- test.AddCustomerTest -->
